
2016-02-06 14:12:42...installerHook: Could not find custom/install/install_hooks.php
2016-02-06 14:12:51...Begin System Check Process *************
2016-02-06 14:12:51...XML Parsing Support Found
2016-02-06 14:12:51...MBString Support Found
2016-02-06 14:12:51...ZIP Support Found
2016-02-06 14:12:51.../custom directory and subdirectory check passed
2016-02-06 14:12:51...cache directory and subdirectory check passed
2016-02-06 14:12:53.../module  directory and subdirectory check passed
2016-02-06 14:12:53.../upload directory check passed
2016-02-06 14:12:53.../zip check passed
2016-02-06 14:12:53...PCRE version check passed
2016-02-06 14:12:53...installerHook: Could not find custom/install/install_hooks.php
2016-02-06 14:12:53...php.ini location found. D:\xampp\php\php.ini
2016-02-06 14:12:53...Outputting HTML for System check
2016-02-06 14:12:53...No Errors were found *************
2016-02-06 14:12:53...installerHook: Could not find custom/install/install_hooks.php
2016-02-06 14:13:00...installerHook: Could not find custom/install/install_hooks.php
2016-02-06 14:15:01...Begin DB Check Process *************
2016-02-06 14:15:01...testing with mysql:mysqli
2016-02-06 14:15:01...Basic form info is valid, continuing Process.
2016-02-06 14:15:01...Testing user account...
2016-02-06 14:15:03...Connection made using  host: localhost, usr: root
2016-02-06 14:15:03...Testing priviliged account...
2016-02-06 14:15:04...Connection made using  host: localhost, usr: root
2016-02-06 14:15:04...DB not selected, will create suitecrm
2016-02-06 14:15:04...Passed DB install check
2016-02-06 14:15:04...SUCCESS:: no errors detected!
2016-02-06 14:15:04...End DB Check Process *************
2016-02-06 14:15:05...installerHook: Could not find custom/install/install_hooks.php
2016-02-06 14:15:05...calling handleSugarConfig()
2016-02-06 14:15:05...calling handleHtaccess()
2016-02-06 14:15:05...calling handleDbCreateDatabase()
2016-02-06 14:15:07...looping through all the Beans and create their tables
2016-02-06 14:15:07...processing table acl_actions
2016-02-06 14:15:07...creating table acl_actions
2016-02-06 14:15:07...creating Relationship Meta for ACLAction
2016-02-06 14:15:07...processing table acl_roles
2016-02-06 14:15:07...creating table acl_roles
2016-02-06 14:15:07...creating Relationship Meta for ACLRole
2016-02-06 14:15:07...processing table relationships
2016-02-06 14:15:07...creating table relationships
2016-02-06 14:15:07...creating Relationship Meta for Relationship
2016-02-06 14:15:07...processing table leads
2016-02-06 14:15:08...creating table leads
2016-02-06 14:15:08...creating Relationship Meta for Lead
2016-02-06 14:15:08...processing table cases
2016-02-06 14:15:08...creating table cases
2016-02-06 14:15:08...creating Relationship Meta for Case
2016-02-06 14:15:08...processing table bugs
2016-02-06 14:15:08...creating table bugs
2016-02-06 14:15:08...creating Relationship Meta for Bug
2016-02-06 14:15:08...processing table users
2016-02-06 14:15:08...creating table users
2016-02-06 14:15:08...creating Relationship Meta for User
2016-02-06 14:15:08...processing table campaign_log
2016-02-06 14:15:09...creating table campaign_log
2016-02-06 14:15:09...creating Relationship Meta for CampaignLog
2016-02-06 14:15:09...processing table project
2016-02-06 14:15:09...creating table project
2016-02-06 14:15:09...creating Relationship Meta for Project
2016-02-06 14:15:09...processing table project_task
2016-02-06 14:15:09...creating table project_task
2016-02-06 14:15:09...creating Relationship Meta for ProjectTask
2016-02-06 14:15:09...processing table campaigns
2016-02-06 14:15:09...creating table campaigns
2016-02-06 14:15:09...creating Relationship Meta for Campaign
2016-02-06 14:15:09...processing table prospect_lists
2016-02-06 14:15:09...creating table prospect_lists
2016-02-06 14:15:09...creating Relationship Meta for ProspectList
2016-02-06 14:15:09...processing table prospects
2016-02-06 14:15:09...creating table prospects
2016-02-06 14:15:09...creating Relationship Meta for Prospect
2016-02-06 14:15:09...processing table email_marketing
2016-02-06 14:15:10...creating table email_marketing
2016-02-06 14:15:10...creating Relationship Meta for EmailMarketing
2016-02-06 14:15:10...processing table campaign_trkrs
2016-02-06 14:15:10...creating table campaign_trkrs
2016-02-06 14:15:10...creating Relationship Meta for CampaignTracker
2016-02-06 14:15:10...processing table releases
2016-02-06 14:15:10...creating table releases
2016-02-06 14:15:10...creating Relationship Meta for Release
2016-02-06 14:15:10...processing table emailman
2016-02-06 14:15:10...creating table emailman
2016-02-06 14:15:10...creating Relationship Meta for EmailMan
2016-02-06 14:15:10...processing table schedulers
2016-02-06 14:15:10...creating table schedulers
2016-02-06 14:15:10...creating Relationship Meta for Scheduler
2016-02-06 14:15:10...processing table job_queue
2016-02-06 14:15:10...creating table job_queue
2016-02-06 14:15:10...creating Relationship Meta for SchedulersJob
2016-02-06 14:15:10...processing table contacts
2016-02-06 14:15:10...creating table contacts
2016-02-06 14:15:10...creating Relationship Meta for Contact
2016-02-06 14:15:10...processing table accounts
2016-02-06 14:15:10...creating table accounts
2016-02-06 14:15:10...creating Relationship Meta for Account
2016-02-06 14:15:10...processing table opportunities
2016-02-06 14:15:10...creating table opportunities
2016-02-06 14:15:10...creating Relationship Meta for Opportunity
2016-02-06 14:15:10...processing table email_templates
2016-02-06 14:15:11...creating table email_templates
2016-02-06 14:15:11...creating Relationship Meta for EmailTemplate
2016-02-06 14:15:11...processing table notes
2016-02-06 14:15:11...creating table notes
2016-02-06 14:15:11...creating Relationship Meta for Note
2016-02-06 14:15:11...processing table calls
2016-02-06 14:15:11...creating table calls
2016-02-06 14:15:11...creating Relationship Meta for Call
2016-02-06 14:15:11...processing table emails
2016-02-06 14:15:11...creating table emails
2016-02-06 14:15:11...creating Relationship Meta for Email
2016-02-06 14:15:11...processing table meetings
2016-02-06 14:15:11...creating table meetings
2016-02-06 14:15:11...creating Relationship Meta for Meeting
2016-02-06 14:15:11...processing table tasks
2016-02-06 14:15:11...creating table tasks
2016-02-06 14:15:11...creating Relationship Meta for Task
2016-02-06 14:15:11...processing table users
2016-02-06 14:15:11...processing table users
2016-02-06 14:15:11...processing table currencies
2016-02-06 14:15:11...creating table currencies
2016-02-06 14:15:11...creating Relationship Meta for Currency
2016-02-06 14:15:11...processing table tracker
2016-02-06 14:15:11...creating table tracker
2016-02-06 14:15:11...creating Relationship Meta for Tracker
2016-02-06 14:15:11...processing table import_maps
2016-02-06 14:15:11...creating table import_maps
2016-02-06 14:15:11...creating Relationship Meta for ImportMap
2016-02-06 14:15:11...processing table users_last_import
2016-02-06 14:15:11...creating table users_last_import
2016-02-06 14:15:11...creating Relationship Meta for UsersLastImport
2016-02-06 14:15:11...processing table config
2016-02-06 14:15:12...creating table config
2016-02-06 14:15:12...creating Relationship Meta for Administration
2016-02-06 14:15:12...processing table upgrade_history
2016-02-06 14:15:12...creating table upgrade_history
2016-02-06 14:15:12...creating Relationship Meta for UpgradeHistory
2016-02-06 14:15:12...processing table vcals
2016-02-06 14:15:12...creating table vcals
2016-02-06 14:15:12...creating Relationship Meta for vCal
2016-02-06 14:15:12...processing table alerts
2016-02-06 14:15:12...creating table alerts
2016-02-06 14:15:12...creating Relationship Meta for Alert
2016-02-06 14:15:12...processing table versions
2016-02-06 14:15:12...creating table versions
2016-02-06 14:15:12...creating Relationship Meta for Version
2016-02-06 14:15:12...processing table roles
2016-02-06 14:15:12...creating table roles
2016-02-06 14:15:12...creating Relationship Meta for Role
2016-02-06 14:15:12...processing table documents
2016-02-06 14:15:12...creating table documents
2016-02-06 14:15:12...creating Relationship Meta for Document
2016-02-06 14:15:12...processing table document_revisions
2016-02-06 14:15:12...creating table document_revisions
2016-02-06 14:15:12...creating Relationship Meta for DocumentRevision
2016-02-06 14:15:12...processing table fields_meta_data
2016-02-06 14:15:12...creating table fields_meta_data
2016-02-06 14:15:12...creating Relationship Meta for FieldsMetaData
2016-02-06 14:15:12...processing table inbound_email
2016-02-06 14:15:12...creating table inbound_email
2016-02-06 14:15:12...creating Relationship Meta for InboundEmail
2016-02-06 14:15:12...processing table saved_search
2016-02-06 14:15:12...creating table saved_search
2016-02-06 14:15:12...creating Relationship Meta for SavedSearch
2016-02-06 14:15:12...processing table user_preferences
2016-02-06 14:15:12...creating table user_preferences
2016-02-06 14:15:12...creating Relationship Meta for UserPreference
2016-02-06 14:15:12...processing table 
2016-02-06 14:15:12...processing table email_addresses
2016-02-06 14:15:12...creating table email_addresses
2016-02-06 14:15:12...creating Relationship Meta for EmailAddress
2016-02-06 14:15:12...processing table emails_text
2016-02-06 14:15:13...creating table emails_text
2016-02-06 14:15:13...creating Relationship Meta for EmailText
2016-02-06 14:15:13...processing table sugarfeed
2016-02-06 14:15:13...creating table sugarfeed
2016-02-06 14:15:13...creating Relationship Meta for SugarFeed
2016-02-06 14:15:13...processing table eapm
2016-02-06 14:15:13...creating table eapm
2016-02-06 14:15:13...creating Relationship Meta for EAPM
2016-02-06 14:15:13...processing table oauth_consumer
2016-02-06 14:15:13...creating table oauth_consumer
2016-02-06 14:15:13...creating Relationship Meta for OAuthKey
2016-02-06 14:15:13...processing table oauth_tokens
2016-02-06 14:15:13...creating table oauth_tokens
2016-02-06 14:15:13...creating Relationship Meta for OAuthToken
2016-02-06 14:15:13...processing table am_projecttemplates
2016-02-06 14:15:13...creating table am_projecttemplates
2016-02-06 14:15:13...creating Relationship Meta for AM_ProjectTemplates
2016-02-06 14:15:13...processing table am_tasktemplates
2016-02-06 14:15:13...creating table am_tasktemplates
2016-02-06 14:15:13...creating Relationship Meta for AM_TaskTemplates
2016-02-06 14:15:13...processing table favorites
2016-02-06 14:15:13...creating table favorites
2016-02-06 14:15:13...creating Relationship Meta for Favorites
2016-02-06 14:15:13...processing table aok_knowledge_base_categories
2016-02-06 14:15:13...creating table aok_knowledge_base_categories
2016-02-06 14:15:13...creating Relationship Meta for AOK_Knowledge_Base_Categories
2016-02-06 14:15:13...processing table aok_knowledgebase
2016-02-06 14:15:14...creating table aok_knowledgebase
2016-02-06 14:15:14...creating Relationship Meta for AOK_KnowledgeBase
2016-02-06 14:15:14...processing table reminders
2016-02-06 14:15:14...creating table reminders
2016-02-06 14:15:14...creating Relationship Meta for Reminder
2016-02-06 14:15:14...processing table reminders_invitees
2016-02-06 14:15:14...creating table reminders_invitees
2016-02-06 14:15:14...creating Relationship Meta for Reminder_Invitee
2016-02-06 14:15:14...processing table fp_events
2016-02-06 14:15:14...creating table fp_events
2016-02-06 14:15:14...creating Relationship Meta for FP_events
2016-02-06 14:15:14...processing table fp_event_locations
2016-02-06 14:15:14...creating table fp_event_locations
2016-02-06 14:15:14...creating Relationship Meta for FP_Event_Locations
2016-02-06 14:15:14...processing table aod_indexevent
2016-02-06 14:15:14...creating table aod_indexevent
2016-02-06 14:15:14...creating Relationship Meta for AOD_IndexEvent
2016-02-06 14:15:14...processing table aod_index
2016-02-06 14:15:15...creating table aod_index
2016-02-06 14:15:15...creating Relationship Meta for AOD_Index
2016-02-06 14:15:15...processing table aop_case_events
2016-02-06 14:15:15...creating table aop_case_events
2016-02-06 14:15:15...creating Relationship Meta for AOP_Case_Events
2016-02-06 14:15:15...processing table aop_case_updates
2016-02-06 14:15:15...creating table aop_case_updates
2016-02-06 14:15:15...creating Relationship Meta for AOP_Case_Updates
2016-02-06 14:15:15...processing table aor_reports
2016-02-06 14:15:15...creating table aor_reports
2016-02-06 14:15:15...creating Relationship Meta for AOR_Report
2016-02-06 14:15:15...processing table aor_fields
2016-02-06 14:15:15...creating table aor_fields
2016-02-06 14:15:15...creating Relationship Meta for AOR_Field
2016-02-06 14:15:15...processing table aor_charts
2016-02-06 14:15:15...creating table aor_charts
2016-02-06 14:15:15...creating Relationship Meta for AOR_Chart
2016-02-06 14:15:15...processing table aor_conditions
2016-02-06 14:15:15...creating table aor_conditions
2016-02-06 14:15:15...creating Relationship Meta for AOR_Condition
2016-02-06 14:15:15...processing table aor_scheduled_reports
2016-02-06 14:15:15...creating table aor_scheduled_reports
2016-02-06 14:15:15...creating Relationship Meta for AOR_Scheduled_Reports
2016-02-06 14:15:16...processing table aos_contracts
2016-02-06 14:15:16...creating table aos_contracts
2016-02-06 14:15:16...creating Relationship Meta for AOS_Contracts
2016-02-06 14:15:16...processing table aos_invoices
2016-02-06 14:15:16...creating table aos_invoices
2016-02-06 14:15:16...creating Relationship Meta for AOS_Invoices
2016-02-06 14:15:16...processing table aos_pdf_templates
2016-02-06 14:15:16...creating table aos_pdf_templates
2016-02-06 14:15:16...creating Relationship Meta for AOS_PDF_Templates
2016-02-06 14:15:16...processing table aos_product_categories
2016-02-06 14:15:16...creating table aos_product_categories
2016-02-06 14:15:16...creating Relationship Meta for AOS_Product_Categories
2016-02-06 14:15:16...processing table aos_products
2016-02-06 14:15:16...creating table aos_products
2016-02-06 14:15:16...creating Relationship Meta for AOS_Products
2016-02-06 14:15:16...processing table aos_products_quotes
2016-02-06 14:15:16...creating table aos_products_quotes
2016-02-06 14:15:16...creating Relationship Meta for AOS_Products_Quotes
2016-02-06 14:15:16...processing table aos_line_item_groups
2016-02-06 14:15:17...creating table aos_line_item_groups
2016-02-06 14:15:17...creating Relationship Meta for AOS_Line_Item_Groups
2016-02-06 14:15:17...processing table aos_quotes
2016-02-06 14:15:17...creating table aos_quotes
2016-02-06 14:15:17...creating Relationship Meta for AOS_Quotes
2016-02-06 14:15:17...processing table aow_actions
2016-02-06 14:15:17...creating table aow_actions
2016-02-06 14:15:17...creating Relationship Meta for AOW_Action
2016-02-06 14:15:17...processing table aow_workflow
2016-02-06 14:15:17...creating table aow_workflow
2016-02-06 14:15:17...creating Relationship Meta for AOW_WorkFlow
2016-02-06 14:15:17...processing table aow_processed
2016-02-06 14:15:17...creating table aow_processed
2016-02-06 14:15:17...creating Relationship Meta for AOW_Processed
2016-02-06 14:15:17...processing table aow_conditions
2016-02-06 14:15:17...creating table aow_conditions
2016-02-06 14:15:17...creating Relationship Meta for AOW_Condition
2016-02-06 14:15:17...processing table jjwg_maps
2016-02-06 14:15:17...creating table jjwg_maps
2016-02-06 14:15:17...creating Relationship Meta for jjwg_Maps
2016-02-06 14:15:17...processing table jjwg_markers
2016-02-06 14:15:18...creating table jjwg_markers
2016-02-06 14:15:18...creating Relationship Meta for jjwg_Markers
2016-02-06 14:15:18...processing table jjwg_areas
2016-02-06 14:15:18...creating table jjwg_areas
2016-02-06 14:15:18...creating Relationship Meta for jjwg_Areas
2016-02-06 14:15:18...processing table jjwg_address_cache
2016-02-06 14:15:18...creating table jjwg_address_cache
2016-02-06 14:15:18...creating Relationship Meta for jjwg_Address_Cache
2016-02-06 14:15:18...processing table calls_reschedule
2016-02-06 14:15:18...creating table calls_reschedule
2016-02-06 14:15:18...creating Relationship Meta for Calls_Reschedule
2016-02-06 14:15:18...processing table securitygroups
2016-02-06 14:15:18...creating table securitygroups
2016-02-06 14:15:18...creating Relationship Meta for SecurityGroup
2016-02-06 14:15:23...Begin creating Defaults
2016-02-06 14:15:23...insert defaults into config table
2016-02-06 14:15:23...Creating default users
2016-02-06 14:15:23...Creating default scheduler jobs
2016-02-06 14:15:23...Enable SugarFeeds
2016-02-06 14:15:23...Installation has completed *********
2016-02-06 14:15:41...populating the db with seed data
2016-02-06 14:17:21...Save configuration settings..
2016-02-06 14:17:21...save locale
2016-02-06 14:17:21...new Administration
2016-02-06 14:17:21...retrieveSettings
2016-02-06 14:17:21...AdminWizard OFF
2016-02-06 14:17:21...saveConfig
2016-02-06 14:17:21...new Configurator
2016-02-06 14:17:21...populateFromPost
2016-02-06 14:17:21...handleOverride
2016-02-06 14:17:21...saveConfig
2016-02-06 14:17:21...new Currency
2016-02-06 14:17:21...retrieve
2016-02-06 14:17:21...DBG: save currency
2016-02-06 14:17:21...Save user settings..
2016-02-06 14:17:21...DBG: SugarThemeRegistry::getDefault
2016-02-06 14:17:21...DBG: require modules/Users/Save.php